<?xml version="1.0" encoding="UTF-8"?>
<!-- Generated by org.testng.reporters.JUnitReportReporter -->
<testsuite hostname="CBT-LAB-017" name="qsp.DemoA" tests="1" failures="0" timestamp="28 Jan 2018 10:49:17 GMT" time="15.555" errors="0">
  <testcase name="testA" time="15.555" classname="qsp.DemoA"/>
</testsuite> <!-- qsp.DemoA -->
